Sencha Cmd 6.2.0.103 - Crash report
================================================
An error occurred while executing the following command: --help

Diagnostic information:
=======================
                         app.archivePath : archive                                           
                      app.bootstrap.base : C:\Works\Developers\PycharmProjects\mscstat\mscstatapp\static\js\sencha
                       app.bootstrap.css : bootstrap.css                                     
               app.bootstrap.microloader : bootstrap.js                                      
                        app.cache.deltas : true                                              
                        app.cache.enable : false                                             
                           app.classpath : app                                               
                         app.classpath.0 : app                                               
                    app.classpath.length : 1                                                 
                         app.cmd.version : 6.1.0.65                                          
                          app.config.dir : C:\Works\Developers\PycharmProjects\mscstat\mscstatapp\static\js\sencha\.sencha\app
                app.cordova.cache.enable : false                                             
                   app.cordova.config.id : com.domain.MSCSTAT                                
                 app.cordova.config.name : MSCSTAT                                           
                 app.cordova.config.path : C:\Works\Developers\PycharmProjects\mscstat\mscstatapp\static\js\sencha/cordova
               app.cordova.config.target :                                                   
              app.cordova.config.verbose : false                                             
                   app.cordova.js.0.path : cordova.js                                        
               app.cordova.js.0.priority : 1000                                              
                 app.cordova.js.0.remote : true                                              
                   app.cordova.js.length : 1                                                 
                 app.cordova.microloader : C:\Works\Developers\PycharmProjects\mscstat\mscstatapp\static\js\sencha\.sencha\app/Microloader.js
      app.cordova.output.appCache.enable : false                                             
                 app.cordova.output.base : C:\Works\Developers\PycharmProjects\mscstat\mscstatapp\static\js\sencha/cordova/www
             app.cordova.output.manifest : ${build.id}.json                                  
                 app.cordova.output.page : index.html                                        
                    app.development.tags :                                                   
             app.development.tags.length : 0                                                 
                                 app.dir : C:\Works\Developers\PycharmProjects\mscstat\mscstatapp\static\js\sencha
              app.fashion.inliner.enable : false                                             
                           app.framework : ext                                               
                   app.framework.version : 6.0.1.250                                         
                                  app.id : 1dbe234a-0212-4cfe-b20f-d3dcb55a5345              
                       app.indexHtmlPath : index.html                                        
                        app.loader.cache : false                                             
                   app.loader.cacheParam : _dc                                               
                             app.locales : ru                                                
                           app.locales.0 : ru                                                
                      app.locales.length : 1                                                 
                                app.name : MSCSTAT                                           
              app.output.appCache.enable : false                                             
                         app.output.base : C:\Works\Developers\PycharmProjects\mscstat\mscstatapp\static\js\sencha/build/${build.environment}/MSCSTAT
           app.output.microloader.enable : true                                              
                         app.output.page : ../../../../../../templates/index.html            
                           app.overrides : overrides                                         
                         app.overrides.0 : overrides                                         
                    app.overrides.length : 1                                                 
               app.phonegap.cache.enable : false                                             
                  app.phonegap.config.id : com.domain.MSCSTAT                                
                app.phonegap.config.name : MSCSTAT                                           
                app.phonegap.config.path : C:\Works\Developers\PycharmProjects\mscstat\mscstatapp\static\js\sencha/phonegap
              app.phonegap.config.remote : false                                             
             app.phonegap.config.verbose : false                                             
                  app.phonegap.js.0.path : phonegap.js                                       
              app.phonegap.js.0.priority : 1000                                              
                app.phonegap.js.0.remote : true                                              
                  app.phonegap.js.length : 1                                                 
                app.phonegap.microloader : C:\Works\Developers\PycharmProjects\mscstat\mscstatapp\static\js\sencha\.sencha\app/Microloader.js
     app.phonegap.output.appCache.enable : false                                             
                app.phonegap.output.base : C:\Works\Developers\PycharmProjects\mscstat\mscstatapp\static\js\sencha/phonegap/www
            app.phonegap.output.manifest : ${build.id}.json                                  
                app.phonegap.output.page : index.html                                        
             app.production.cache.enable : true                                              
          app.production.compressor.type : yui                                               
             app.production.loader.cache : ${build.timestamp}                                
   app.production.output.appCache.enable : true                                              
     app.production.output.appCache.path : cache.appcache                                    
                      app.resource.paths :                                                   
                 app.slicer.cache.enable : false                                             
        app.slicer.js.0.isWidgetManifest : true                                              
                    app.slicer.js.0.path : C:\Works\Developers\PycharmProjects\mscstat\mscstatapp\static\js\sencha/sass/example/custom.js
                    app.slicer.js.length : 1                                                 
       app.slicer.output.appCache.enable : false                                             
                               app.theme : theme-crisp                                       
                             app.toolkit : classic                                           
                             app.version : 1.0.0.0                                           
                    buildenvironment.dir : C:\Works\Developers\PycharmProjects\mscstat\mscstatapp\static\js\sencha
               buildenvironment.load.dir : C:\Works\Developers\PycharmProjects\mscstat\mscstatapp\static\js\sencha
                          cmd.config.dir : C:\senchaextjs\Cmd\6.2.0.103                      
                                 cmd.dir : C:\senchaextjs\Cmd\6.2.0.103                      
                            cmd.jvm.args : -Xms128m -Xmx1024m -Dapple.awt.UIElement=true     
              cmd.merge.tool.args.araxis : -wait -merge -3 -a1 {base} {user} {generated} {out}
              cmd.merge.tool.args.kdiff3 : {base} {user} {generated} -o {out}                
             cmd.merge.tool.args.p4merge : {base} {user} {generated} {out}                   
           cmd.merge.tool.args.smartsync : {user} {generated} {base}                         
          cmd.merge.tool.args.sourcegear : --merge --result={out} {user} {base} {generated}  
            cmd.merge.tool.args.tortoise : -base:{base} -theirs:{generated} -mine:{user} -merged:{out}
                              cmd.minver : 3.0.0.0                                           
                            cmd.platform : windows                                           
                     cmd.unicode.escapes : C:\senchaextjs\Cmd\6.2.0.103/unicode-escapes.json 
                             cmd.version : 6.2.0.103                                         
                            cmd.web.port : 1841                                              
                       inspector.address : http://localhost:1839/                            
                          repo.local.dir : C:\senchaextjs\Cmd\repo                           
        system.java.net.useSystemProxies : true                                              
                              theme.name : theme-crisp                                       
                            toolkit.name : classic                                           
                     workspace.build.dir : C:\Works\Developers\PycharmProjects\mscstat\mscstatapp\static\js\sencha/build
                    workspace.config.dir : C:\Works\Developers\PycharmProjects\mscstat\mscstatapp\static\js\sencha\.sencha\workspace
                           workspace.dir : C:\Works\Developers\PycharmProjects\mscstat\mscstatapp\static\js\sencha
        workspace.frameworks.ext.package : C:senchaextjsext-6.2.0                            
                  workspace.packages.dir : C:\Works\Developers\PycharmProjects\mscstat\mscstatapp\static\js\sencha/packages/local,C:\Works\Developers\PycharmProjects\mscstat\mscstatapp\static\js\sencha/packages
              workspace.packages.extract : C:\Works\Developers\PycharmProjects\mscstat\mscstatapp\static\js\sencha/packages/remote
                     workspace.theme.dir : C:\Works\Developers\PycharmProjects\mscstat\mscstatapp\static\js\sencha/packages/local,C:\Works\Developers\PycharmProjects\mscstat\mscstatapp\static\js\sencha/packages/${args.themeName}

Exception information:
=======================
No such property : help
     at com.sencha.cli.AbstractCommand$Properties.getProperty(AbstractCommand.java:444)
     at com.sencha.cli.AbstractCommand.parseConfigParam(AbstractCommand.java:468)
     at com.sencha.cli.AbstractCommand.processConfigParam(AbstractCommand.java:518)
     at com.sencha.cli.AbstractCommand.configure(AbstractCommand.java:114)
     at com.sencha.command.Sencha.main(Sencha.java:135)
     at sun.reflect.NativeMethodAccessorImpl.invoke0(Native Method)
     at sun.reflect.NativeMethodAccessorImpl.invoke(Unknown Source)
     at sun.reflect.DelegatingMethodAccessorImpl.invoke(Unknown Source)
     at java.lang.reflect.Method.invoke(Unknown Source)
     at com.exe4j.runtime.LauncherEngine.launch(Unknown Source)
     at com.exe4j.runtime.WinLauncher.main(Unknown Source)
     at com.install4j.runtime.launcher.WinLauncher.main(Unknown Source)

